<?xml version="1.0" encoding="UTF-8"?>
<!-- Generated by org.testng.reporters.JUnitReportReporter -->
<testsuite hostname="shaloni" failures="0" tests="5" name="Hackthon.com.Myntra.tests.DataDrivenTest" time="33.153" errors="0" timestamp="2026-03-13T10:23:36 IST" skipped="0">
  <testcase classname="Hackthon.com.Myntra.tests.DataDrivenTest" name="TC_10CardBadge" time="4.928"/>
  <testcase classname="Hackthon.com.Myntra.tests.DataDrivenTest" name="TC_09emptyFile" time="3.953"/>
  <testcase classname="Hackthon.com.Myntra.tests.DataDrivenTest" name="TC_02SearchProduct" time="6.428"/>
  <testcase classname="Hackthon.com.Myntra.tests.DataDrivenTest" name="TC01_verifyProductsFromTextFile" time="11.682"/>
  <testcase classname="Hackthon.com.Myntra.tests.DataDrivenTest" name="TC_06invalidProductSearch" time="6.162"/>
</testsuite> <!-- Hackthon.com.Myntra.tests.DataDrivenTest -->
