<?xml version="1.0" encoding="UTF-8"?>
<testng-results ignored="0" total="3" passed="2" failed="1" skipped="0">
  <reporter-output>
  </reporter-output>
  <suite started-at="2026-03-17T23:39:35 IST" name="Default suite" finished-at="2026-03-17T23:40:08 IST" duration-ms="32943">
    <groups>
    </groups>
    <test started-at="2026-03-17T23:39:35 IST" name="Default test" finished-at="2026-03-17T23:40:08 IST" duration-ms="32943">
      <class name="Hackthon.com.Myntra.tests.TC_02SortProductTest">
        <test-method is-config="true" signature="setupReport()[pri:0, instance:Hackthon.com.Myntra.tests.TC_02SortProductTest@79145d5a]" started-at="2026-03-17T23:39:35 IST" name="setupReport" finished-at="2026-03-17T23:39:35 IST" duration-ms="185" status="PASS">
          <reporter-output>
          </reporter-output>
        </test-method> <!-- setupReport -->
        <test-method is-config="true" signature="setUp(java.lang.reflect.Method)[pri:0, instance:Hackthon.com.Myntra.tests.TC_02SortProductTest@79145d5a]" started-at="2026-03-17T23:39:35 IST" name="setUp" finished-at="2026-03-17T23:39:42 IST" duration-ms="6691" status="PASS">
          <params>
            <param index="0">
              <value>
                <![CDATA[public void Hackthon.com.Myntra.tests.TC_02SortProductTest.TC_01ProductListning()]]>
              </value>
            </param>
          </params>
          <reporter-output>
          </reporter-output>
        </test-method> <!-- setUp -->
        <test-method signature="TC_01ProductListning()[pri:0, instance:Hackthon.com.Myntra.tests.TC_02SortProductTest@79145d5a]" started-at="2026-03-17T23:39:42 IST" name="TC_01ProductListning" finished-at="2026-03-17T23:39:47 IST" duration-ms="4451" status="PASS">
          <reporter-output>
          </reporter-output>
        </test-method> <!-- TC_01ProductListning -->
        <test-method is-config="true" signature="tearDown(org.testng.ITestResult)[pri:0, instance:Hackthon.com.Myntra.tests.TC_02SortProductTest@79145d5a]" started-at="2026-03-17T23:39:47 IST" name="tearDown" finished-at="2026-03-17T23:39:47 IST" duration-ms="463" status="PASS">
          <params>
            <param index="0">
              <value>
                <![CDATA[[TestResult name=TC_01ProductListning status=SUCCESS method=TC_02SortProductTest.TC_01ProductListning()[pri:0, instance:Hackthon.com.Myntra.tests.TC_02SortProductTest@79145d5a] output={null}]]]>
              </value>
            </param>
          </params>
          <reporter-output>
          </reporter-output>
        </test-method> <!-- tearDown -->
        <test-method is-config="true" signature="setUp(java.lang.reflect.Method)[pri:0, instance:Hackthon.com.Myntra.tests.TC_02SortProductTest@79145d5a]" started-at="2026-03-17T23:39:47 IST" name="setUp" finished-at="2026-03-17T23:39:53 IST" duration-ms="5553" status="PASS">
          <params>
            <param index="0">
              <value>
                <![CDATA[public void Hackthon.com.Myntra.tests.TC_02SortProductTest.TC_02captureFirstFiveProductPrice()]]>
              </value>
            </param>
          </params>
          <reporter-output>
          </reporter-output>
        </test-method> <!-- setUp -->
        <test-method signature="TC_02captureFirstFiveProductPrice()[pri:0, instance:Hackthon.com.Myntra.tests.TC_02SortProductTest@79145d5a]" started-at="2026-03-17T23:39:53 IST" name="TC_02captureFirstFiveProductPrice" finished-at="2026-03-17T23:39:56 IST" duration-ms="3742" status="PASS">
          <reporter-output>
          </reporter-output>
        </test-method> <!-- TC_02captureFirstFiveProductPrice -->
        <test-method is-config="true" signature="tearDown(org.testng.ITestResult)[pri:0, instance:Hackthon.com.Myntra.tests.TC_02SortProductTest@79145d5a]" started-at="2026-03-17T23:39:56 IST" name="tearDown" finished-at="2026-03-17T23:39:57 IST" duration-ms="511" status="PASS">
          <params>
            <param index="0">
              <value>
                <![CDATA[[TestResult name=TC_02captureFirstFiveProductPrice status=SUCCESS method=TC_02SortProductTest.TC_02captureFirstFiveProductPrice()[pri:0, instance:Hackthon.com.Myntra.tests.TC_02SortProductTest@79145d5a] output={null}]]]>
              </value>
            </param>
          </params>
          <reporter-output>
          </reporter-output>
        </test-method> <!-- tearDown -->
        <test-method is-config="true" signature="setUp(java.lang.reflect.Method)[pri:0, instance:Hackthon.com.Myntra.tests.TC_02SortProductTest@79145d5a]" started-at="2026-03-17T23:39:57 IST" name="setUp" finished-at="2026-03-17T23:40:02 IST" duration-ms="5548" status="PASS">
          <params>
            <param index="0">
              <value>
                <![CDATA[public void Hackthon.com.Myntra.tests.TC_02SortProductTest.TC_03PriceLowToHigh()]]>
              </value>
            </param>
          </params>
          <reporter-output>
          </reporter-output>
        </test-method> <!-- setUp -->
        <test-method signature="TC_03PriceLowToHigh()[pri:0, instance:Hackthon.com.Myntra.tests.TC_02SortProductTest@79145d5a]" started-at="2026-03-17T23:40:02 IST" name="TC_03PriceLowToHigh" finished-at="2026-03-17T23:40:07 IST" duration-ms="5043" status="FAIL">
          <exception class="java.lang.AssertionError">
            <message>
              <![CDATA[Prices are not shorted in low to high: Lists differ at element [0]: 429 != 799 expected [429] but found [799]]]>
            </message>
            <full-stacktrace>
              <![CDATA[java.lang.AssertionError: Prices are not shorted in low to high: Lists differ at element [0]: 429 != 799 expected [429] but found [799]
at org.testng.Assert.fail(Assert.java:111)
at org.testng.Assert.failNotEquals(Assert.java:1590)
at org.testng.Assert.assertEqualsImpl(Assert.java:150)
at org.testng.Assert.assertEquals(Assert.java:1656)
at Hackthon.com.Myntra.tests.TC_02SortProductTest.TC_03PriceLowToHigh(TC_02SortProductTest.java:79)
at java.base/jdk.internal.reflect.DirectMethodHandleAccessor.invoke(DirectMethodHandleAccessor.java:103)
at java.base/java.lang.reflect.Method.invoke(Method.java:580)
at org.testng.internal.invokers.MethodInvocationHelper.invokeMethod(MethodInvocationHelper.java:141)
at org.testng.internal.invokers.TestInvoker.invokeMethod(TestInvoker.java:687)
at org.testng.internal.invokers.TestInvoker.invokeTestMethod(TestInvoker.java:230)
at org.testng.internal.invokers.MethodRunner.runInSequence(MethodRunner.java:63)
at org.testng.internal.invokers.TestInvoker$MethodInvocationAgent.invoke(TestInvoker.java:995)
at org.testng.internal.invokers.TestInvoker.invokeTestMethods(TestInvoker.java:203)
at org.testng.internal.invokers.TestMethodWorker.invokeTestMethods(TestMethodWorker.java:154)
at org.testng.internal.invokers.TestMethodWorker.run(TestMethodWorker.java:134)
at java.base/java.util.ArrayList.forEach(ArrayList.java:1596)
at org.testng.TestRunner.privateRun(TestRunner.java:741)
at org.testng.TestRunner.run(TestRunner.java:616)
at org.testng.SuiteRunner.runTest(SuiteRunner.java:421)
at org.testng.SuiteRunner.runSequentially(SuiteRunner.java:413)
at org.testng.SuiteRunner.privateRun(SuiteRunner.java:373)
at org.testng.SuiteRunner.run(SuiteRunner.java:312)
at org.testng.SuiteRunnerWorker.runSuite(SuiteRunnerWorker.java:52)
at org.testng.SuiteRunnerWorker.run(SuiteRunnerWorker.java:95)
at org.testng.TestNG.runSuitesSequentially(TestNG.java:1274)
at org.testng.TestNG.runSuitesLocally(TestNG.java:1208)
at org.testng.TestNG.runSuites(TestNG.java:1112)
at org.testng.TestNG.run(TestNG.java:1079)
at org.testng.remote.AbstractRemoteTestNG.run(AbstractRemoteTestNG.java:115)
at org.testng.remote.RemoteTestNG.initAndRun(RemoteTestNG.java:293)
at org.testng.remote.RemoteTestNG.main(RemoteTestNG.java:91)
]]>
            </full-stacktrace>
          </exception> <!-- java.lang.AssertionError -->
          <reporter-output>
          </reporter-output>
        </test-method> <!-- TC_03PriceLowToHigh -->
        <test-method is-config="true" signature="tearDown(org.testng.ITestResult)[pri:0, instance:Hackthon.com.Myntra.tests.TC_02SortProductTest@79145d5a]" started-at="2026-03-17T23:40:07 IST" name="tearDown" finished-at="2026-03-17T23:40:08 IST" duration-ms="898" status="PASS">
          <params>
            <param index="0">
              <value>
                <![CDATA[[TestResult name=TC_03PriceLowToHigh status=FAILURE method=TC_02SortProductTest.TC_03PriceLowToHigh()[pri:0, instance:Hackthon.com.Myntra.tests.TC_02SortProductTest@79145d5a] output={null}]]]>
              </value>
            </param>
          </params>
          <reporter-output>
          </reporter-output>
        </test-method> <!-- tearDown -->
        <test-method is-config="true" signature="tearDownReport()[pri:0, instance:Hackthon.com.Myntra.tests.TC_02SortProductTest@79145d5a]" started-at="2026-03-17T23:40:08 IST" name="tearDownReport" finished-at="2026-03-17T23:40:09 IST" duration-ms="265" status="PASS">
          <reporter-output>
          </reporter-output>
        </test-method> <!-- tearDownReport -->
      </class> <!-- Hackthon.com.Myntra.tests.TC_02SortProductTest -->
    </test> <!-- Default test -->
  </suite> <!-- Default suite -->
</testng-results>
